Starting process: Module

Starting process: 

SCUBA, Version Diamond (64-bit) 3.12.0.240.2
Tue Oct 24 09:36:15 2023

Copyright (c) 1991-1994 by NeoCAD Inc. All rights reserved.
Copyright (c) 1995 AT&T Corp.   All rights reserved.
Copyright (c) 1995-2001 Lucent Technologies Inc.  All rights reserved.
Copyright (c) 2001 Agere Systems   All rights reserved.
Copyright (c) 2002-2020 Lattice Semiconductor Corporation,  All rights reserved.

BEGIN SCUBA Module Synthesis

    Issued command   : C:\lscc\diamond\3.12\ispfpga\bin\nt64\scuba.exe -w -n DAQ_RAM -lang vhdl -synth lse -bus_exp 7 -bb -arch xo2c00 -type ramdps -device LCMXO2-7000HC -raddr_width 10 -rwidth 8 -waddr_width 10 -wwidth 8 -rnum_words 1024 -wnum_words 1024 -cascade 11 -mem_init0 
    Circuit name     : DAQ_RAM
    Module type      : RAM_DP
    Module Version   : 6.5
    Ports            : 
	Inputs       : WrAddress[9:0], RdAddress[9:0], Data[7:0], WE, RdClock, RdClockEn, Reset, WrClock, WrClockEn
	Outputs      : Q[7:0]
    I/O buffer       : not inserted
    Memory file      : INIT_ALL_0s
    EDIF output      : DAQ_RAM.edn
    VHDL output      : DAQ_RAM.vhd
    VHDL template    : DAQ_RAM_tmpl.vhd
    VHDL testbench   : tb_DAQ_RAM_tmpl.vhd
    VHDL purpose     : for synthesis and simulation
    Bus notation     : big endian
    Report output    : DAQ_RAM.srp
    Estimated Resource Usage:
            EBR : 1

END   SCUBA Module Synthesis

File: DAQ_RAM.lpc created.


End process: completed successfully.


Total Warnings:  0

Total Errors:  0


