
synthesis -f "P3050FG_impl1_lattice.synproj"
synthesis:  version Diamond (64-bit) 3.12.0.240.2

Copyright (c) 1991-1994 by NeoCAD Inc. All rights reserved.
Copyright (c) 1995 AT&T Corp.   All rights reserved.
Copyright (c) 1995-2001 Lucent Technologies Inc.  All rights reserved.
Copyright (c) 2001 Agere Systems   All rights reserved.
Copyright (c) 2002-2020 Lattice Semiconductor Corporation,  All rights reserved.
Fri Mar 15 12:00:57 2024


Command Line:  synthesis -f P3050FG_impl1_lattice.synproj -gui -msgset C:/Firmware/P3050FG/promote.xml 

    <postMsg mid="35002000" type="Info"    dynamic="0" navigation="0"  />
Synthesis options:
The -a option is MachXO2.
The -s option is 5.
The -t option is TQFP144.
The -d option is LCMXO2-7000HC.
Using package TQFP144.
Using performance grade 5.
                                                          

##########################################################

### Lattice Family : MachXO2

### Device  : LCMXO2-7000HC

### Package : TQFP144

### Speed   : 5

##########################################################

                                                          

    <postMsg mid="35001781" type="Info"    dynamic="0" navigation="0"  />
Optimization goal = Balanced
Top-level module name = main.
Target frequency = 200.000000 MHz.
Maximum fanout = 1000.
Timing path count = 3
BRAM utilization = 100.000000 %
DSP usage = true
DSP utilization = 100.000000 %
fsm_encoding_style = auto
resolve_mixed_drivers = 0
fix_gated_clocks = 1

Mux style = Auto
Use Carry Chain = true
carry_chain_length = 0
Loop Limit = 1950.
Use IO Insertion = TRUE
Use IO Reg = AUTO

Resource Sharing = TRUE
Propagate Constants = TRUE
Remove Duplicate Registers = TRUE
force_gsr = auto
ROM style = auto
RAM style = auto
The -comp option is FALSE.
The -syn option is FALSE.
-p C:/lscc/diamond/3.12/ispfpga/xo2c00/data (searchpath added)
-p C:/Firmware/P3050FG/impl1 (searchpath added)
-p C:/Firmware/P3050FG (searchpath added)
VHDL library = work
VHDL design file = C:/Firmware/P3050FG/DAQ_RAM.vhd
VHDL design file = C:/Firmware/P3050FG/DAQ_RAM.vhd
VHDL design file = C:/Firmware/P3050FG/Main.vhd
NGD file = P3050FG_impl1.ngd
-sdc option: SDC file input not used.
-lpf option: Output file option is ON.
Hardtimer checking is enabled (default). The -dt option is not used.
The -r option is OFF. [ Remove LOC Properties is OFF. ]
Technology check ok...

Analyzing Verilog file C:/lscc/diamond/3.12/ispfpga/userware/NT/SYNTHESIS_HEADERS/machxo2.v. VERI-1482
Compile design.
Compile Design Begin
    <postMsg mid="35921504" type="Info"    dynamic="2" navigation="0" arg0="" arg1="C:/Firmware/P3050FG/impl1"  />
Analyzing VHDL file c:/firmware/p3050fg/daq_ram.vhd. VHDL-1481
    <postMsg mid="35921012" type="Info"    dynamic="2" navigation="2" arg0="c:/firmware/p3050fg/daq_ram.vhd(14): " arg1="daq_ram" arg2="c:/firmware/p3050fg/daq_ram.vhd" arg3="14"  />
    <postMsg mid="35921010" type="Info"    dynamic="2" navigation="2" arg0="c:/firmware/p3050fg/daq_ram.vhd(28): " arg1="structure" arg2="c:/firmware/p3050fg/daq_ram.vhd" arg3="28"  />
unit main is not yet analyzed. VHDL-1485
Analyzing VHDL file c:/firmware/p3050fg/daq_ram.vhd. VHDL-1481
    <postMsg mid="35921012" type="Info"    dynamic="2" navigation="2" arg0="c:/firmware/p3050fg/daq_ram.vhd(14): " arg1="daq_ram" arg2="c:/firmware/p3050fg/daq_ram.vhd" arg3="14"  />
    <postMsg mid="35921010" type="Info"    dynamic="2" navigation="2" arg0="c:/firmware/p3050fg/daq_ram.vhd(28): " arg1="structure" arg2="c:/firmware/p3050fg/daq_ram.vhd" arg3="28"  />
unit main is not yet analyzed. VHDL-1485
Analyzing VHDL file c:/firmware/p3050fg/main.vhd. VHDL-1481
    <postMsg mid="35921012" type="Info"    dynamic="2" navigation="2" arg0="c:/firmware/p3050fg/main.vhd(10): " arg1="main" arg2="c:/firmware/p3050fg/main.vhd" arg3="10"  />
    <postMsg mid="35921010" type="Info"    dynamic="2" navigation="2" arg0="c:/firmware/p3050fg/main.vhd(114): " arg1="behavior" arg2="c:/firmware/p3050fg/main.vhd" arg3="114"  />
unit main is not yet analyzed. VHDL-1485
unit main is not yet analyzed. VHDL-1485
c:/firmware/p3050fg/main.vhd(10): executing main(behavior)

    <postMsg mid="35921251" type="Warning" dynamic="2" navigation="2" arg0="c:/firmware/p3050fg/main.vhd(137): " arg1="fck" arg2="c:/firmware/p3050fg/main.vhd" arg3="137"  />
    <postMsg mid="35921613" type="Warning" dynamic="1" navigation="2" arg0="c:/firmware/p3050fg/main.vhd(139): " arg1="c:/firmware/p3050fg/main.vhd" arg2="139"  />
    <postMsg mid="35921251" type="Warning" dynamic="2" navigation="2" arg0="c:/firmware/p3050fg/main.vhd(149): " arg1="not_reset" arg2="c:/firmware/p3050fg/main.vhd" arg3="149"  />
    <postMsg mid="35921613" type="Warning" dynamic="1" navigation="2" arg0="c:/firmware/p3050fg/main.vhd(151): " arg1="c:/firmware/p3050fg/main.vhd" arg2="151"  />
    <postMsg mid="35921251" type="Warning" dynamic="2" navigation="2" arg0="c:/firmware/p3050fg/main.vhd(159): " arg1="cont_addr" arg2="c:/firmware/p3050fg/main.vhd" arg3="159"  />
    <postMsg mid="35921251" type="Warning" dynamic="2" navigation="2" arg0="c:/firmware/p3050fg/main.vhd(161): " arg1="reset" arg2="c:/firmware/p3050fg/main.vhd" arg3="161"  />
    <postMsg mid="35921613" type="Warning" dynamic="1" navigation="2" arg0="c:/firmware/p3050fg/main.vhd(274): " arg1="c:/firmware/p3050fg/main.vhd" arg2="274"  />
    <postMsg mid="35921251" type="Warning" dynamic="2" navigation="2" arg0="c:/firmware/p3050fg/main.vhd(281): " arg1="rstcd1" arg2="c:/firmware/p3050fg/main.vhd" arg3="281"  />
    <postMsg mid="35921251" type="Warning" dynamic="2" navigation="2" arg0="c:/firmware/p3050fg/main.vhd(281): " arg1="reset" arg2="c:/firmware/p3050fg/main.vhd" arg3="281"  />
    <postMsg mid="35921613" type="Warning" dynamic="1" navigation="2" arg0="c:/firmware/p3050fg/main.vhd(291): " arg1="c:/firmware/p3050fg/main.vhd" arg2="291"  />
    <postMsg mid="35921251" type="Warning" dynamic="2" navigation="2" arg0="c:/firmware/p3050fg/main.vhd(297): " arg1="rstcd2" arg2="c:/firmware/p3050fg/main.vhd" arg3="297"  />
    <postMsg mid="35921251" type="Warning" dynamic="2" navigation="2" arg0="c:/firmware/p3050fg/main.vhd(297): " arg1="reset" arg2="c:/firmware/p3050fg/main.vhd" arg3="297"  />
    <postMsg mid="35921613" type="Warning" dynamic="1" navigation="2" arg0="c:/firmware/p3050fg/main.vhd(307): " arg1="c:/firmware/p3050fg/main.vhd" arg2="307"  />
    <postMsg mid="35921251" type="Warning" dynamic="2" navigation="2" arg0="c:/firmware/p3050fg/main.vhd(346): " arg1="cwr" arg2="c:/firmware/p3050fg/main.vhd" arg3="346"  />
    <postMsg mid="35921613" type="Warning" dynamic="1" navigation="2" arg0="c:/firmware/p3050fg/main.vhd(356): " arg1="c:/firmware/p3050fg/main.vhd" arg2="356"  />
    <postMsg mid="35921251" type="Warning" dynamic="2" navigation="2" arg0="c:/firmware/p3050fg/main.vhd(363): " arg1="cwr" arg2="c:/firmware/p3050fg/main.vhd" arg3="363"  />
    <postMsg mid="35921613" type="Warning" dynamic="1" navigation="2" arg0="c:/firmware/p3050fg/main.vhd(373): " arg1="c:/firmware/p3050fg/main.vhd" arg2="373"  />
    <postMsg mid="35921205" type="Warning" dynamic="3" navigation="2" arg0="c:/firmware/p3050fg/main.vhd(111): " arg1="main" arg2="behavior" arg3="c:/firmware/p3050fg/main.vhd" arg4="111"  />
Top module name (VHDL): main
Last elaborated design is main(behavior)
Loading NGL library 'C:/lscc/diamond/3.12/ispfpga/xo2c00a/data/xo2alib.ngl'...
Loading NGL library 'C:/lscc/diamond/3.12/ispfpga/xo2c00/data/xo2clib.ngl'...
Loading NGL library 'C:/lscc/diamond/3.12/ispfpga/mg5g00/data/mg5glib.ngl'...
Loading NGL library 'C:/lscc/diamond/3.12/ispfpga/or5g00/data/orc5glib.ngl'...
Loading device for application map from file 'xo2c7000.nph' in environment: C:/lscc/diamond/3.12/ispfpga.
Package Status:                     Final          Version 1.39.
Top-level module name = main.
    <postMsg mid="35002005" type="Warning" dynamic="1" navigation="0" arg0="AA"  />
    <postMsg mid="35002005" type="Warning" dynamic="1" navigation="0" arg0="AB"  />
    <postMsg mid="35002005" type="Warning" dynamic="1" navigation="0" arg0="AC"  />
    <postMsg mid="35002005" type="Warning" dynamic="1" navigation="0" arg0="AE"  />
    <postMsg mid="35002005" type="Warning" dynamic="1" navigation="0" arg0="BA"  />
    <postMsg mid="35002005" type="Warning" dynamic="1" navigation="0" arg0="BB"  />
    <postMsg mid="35002005" type="Warning" dynamic="1" navigation="0" arg0="BC"  />
    <postMsg mid="35002005" type="Warning" dynamic="1" navigation="0" arg0="BD"  />
    <postMsg mid="35002005" type="Warning" dynamic="1" navigation="0" arg0="UPLOAD"  />
    <postMsg mid="35002005" type="Warning" dynamic="1" navigation="0" arg0="EMPTY"  />
    <postMsg mid="35002005" type="Warning" dynamic="1" navigation="0" arg0="ACTIV"  />
######## Missing driver on net AA. Patching with GND.
######## Missing driver on net AB. Patching with GND.
######## Missing driver on net AC. Patching with GND.
######## Missing driver on net AE. Patching with GND.
######## Missing driver on net BA. Patching with GND.
######## Missing driver on net BB. Patching with GND.
######## Missing driver on net BC. Patching with GND.
######## Missing driver on net BD. Patching with GND.



    <postMsg mid="35002005" type="Warning" dynamic="1" navigation="0" arg0="UPLOAD"  />
    <postMsg mid="35002005" type="Warning" dynamic="1" navigation="0" arg0="EMPTY"  />
    <postMsg mid="35002005" type="Warning" dynamic="1" navigation="0" arg0="ACTIV"  />
GSR instance connected to net n3979.
Applying 200.000000 MHz constraint to all clocks

    <postMsg mid="35001611" type="Warning" dynamic="0" navigation="0"  />
Results of NGD DRC are available in main_drc.log.
Loading NGL library 'C:/lscc/diamond/3.12/ispfpga/xo2c00a/data/xo2alib.ngl'...
Loading NGL library 'C:/lscc/diamond/3.12/ispfpga/xo2c00/data/xo2clib.ngl'...
Loading NGL library 'C:/lscc/diamond/3.12/ispfpga/mg5g00/data/mg5glib.ngl'...
Loading NGL library 'C:/lscc/diamond/3.12/ispfpga/or5g00/data/orc5glib.ngl'...


Running DRC...

    <postMsg mid="1166052" type="Warning" dynamic="2" navigation="1" arg0="logical" arg1="UPLOAD" arg2="UPLOAD"  />
    <postMsg mid="1166064" type="Warning" dynamic="2" navigation="0" arg0="input" arg1="UPLOAD"  />
    <postMsg mid="1166052" type="Warning" dynamic="2" navigation="1" arg0="logical" arg1="EMPTY" arg2="EMPTY"  />
    <postMsg mid="1166064" type="Warning" dynamic="2" navigation="0" arg0="input" arg1="EMPTY"  />
    <postMsg mid="1166052" type="Warning" dynamic="2" navigation="1" arg0="logical" arg1="ACTIV" arg2="ACTIV"  />
    <postMsg mid="1166064" type="Warning" dynamic="2" navigation="0" arg0="input" arg1="ACTIV"  />
    <postMsg mid="1163101" type="Warning" dynamic="1" navigation="0" arg0="6"  />

Design Results:
    748 blocks expanded
completed the first expansion
All blocks are expanded and NGD expansion is successful.
Writing NGD file P3050FG_impl1.ngd.

################### Begin Area Report (main)######################
Number of register bits => 281 of 7209 (3 % )
BB => 9
CCU2D => 113
DP8KC => 16
FD1P3AX => 171
FD1P3AY => 2
FD1P3IX => 2
FD1S3AX => 13
FD1S3AY => 5
FD1S3DX => 88
GSR => 1
IB => 14
INV => 2
LUT4 => 245
OB => 48
PFUMX => 16
################### End Area Report ##################

################### Begin BlackBox Report ######################
TSALL => 1
################### End BlackBox Report ##################

################### Begin Clock Report ######################
Clock Nets
Number of Clocks: 4
  Net : CK1_c_derived_245, loads : 245
  Net : FCK_N_630, loads : 16
  Net : DIVCKB, loads : 2
  Net : DIVCKA, loads : 2
Clock Enable Nets
Number of Clock Enables: 22
Top 10 highest fanout Clock Enables:
  Net : DIVCKA_N_175_enable_13, loads : 26
  Net : CK1_c_derived_245_enable_41, loads : 10
  Net : CK1_c_derived_245_enable_123, loads : 8
  Net : CK1_c_derived_245_enable_11, loads : 8
  Net : CK1_c_derived_245_enable_101, loads : 8
  Net : CK1_c_derived_245_enable_56, loads : 8
  Net : CK1_c_derived_245_enable_19, loads : 8
  Net : CK1_c_derived_245_enable_64, loads : 8
  Net : CK1_c_derived_245_enable_108, loads : 8
  Net : CK1_c_derived_245_enable_86, loads : 8
Highest fanout non-clock nets
Top 10 highest fanout non-clock nets:
  Net : n2701, loads : 36
  Net : CWR, loads : 34
  Net : n7492, loads : 33
  Net : DIVCKA_N_178, loads : 32
  Net : DIVCKB_N_197, loads : 32
  Net : n7489, loads : 31
  Net : n7488, loads : 31
  Net : data_addr_2, loads : 30
  Net : data_addr_1, loads : 30
  Net : data_addr_0, loads : 29
################### End Clock Report ##################

Timing Report Summary
--------------
--------------------------------------------------------------------------------
Constraint                              |   Constraint|       Actual|Levels
--------------------------------------------------------------------------------
                                        |             |             |
create_clock -period 5.000000 -name     |             |             |
clk3 [get_nets DIVCKA]                  |  200.000 MHz|   97.551 MHz|    17 *
                                        |             |             |
create_clock -period 5.000000 -name     |             |             |
clk2 [get_nets DIVCKB]                  |  200.000 MHz|   97.551 MHz|    17 *
                                        |             |             |
create_clock -period 5.000000 -name     |             |             |
clk1 [get_nets FCK_N_630]               |            -|            -|     0  
                                        |             |             |
create_clock -period 5.000000 -name     |             |             |
clk0 [get_nets CK1_c_derived_245]       |  200.000 MHz|  103.061 MHz|     6 *
                                        |             |             |
--------------------------------------------------------------------------------


3 constraints not met.


Peak Memory Usage: 90.848  MB

--------------------------------------------------------------
Elapsed CPU time for LSE flow : 1.547  secs
--------------------------------------------------------------

map -a "MachXO2" -p LCMXO2-7000HC -t TQFP144 -s 5 -oc Commercial   "P3050FG_impl1.ngd" -o "P3050FG_impl1_map.ncd" -pr "P3050FG_impl1.prf" -mp "P3050FG_impl1.mrp" -lpf "C:/Firmware/P3050FG/impl1/P3050FG_impl1.lpf" -lpf "C:/Firmware/P3050FG/P3050FG.lpf"  -c 0           
map:  version Diamond (64-bit) 3.12.0.240.2

Copyright (c) 1991-1994 by NeoCAD Inc. All rights reserved.
Copyright (c) 1995 AT&T Corp.   All rights reserved.
Copyright (c) 1995-2001 Lucent Technologies Inc.  All rights reserved.
Copyright (c) 2001 Agere Systems   All rights reserved.
Copyright (c) 2002-2020 Lattice Semiconductor Corporation,  All rights reserved.
   Process the file: P3050FG_impl1.ngd
   Picdevice="LCMXO2-7000HC"

   Pictype="TQFP144"

   Picspeed=5

   Remove unused logic

   Do not produce over sized NCDs.

Part used: LCMXO2-7000HCTQFP144, Performance used: 5.

Loading device for application baspr from file 'xo2c7000.nph' in environment: C:/lscc/diamond/3.12/ispfpga.
    <postMsg mid="1100644" type="Warning" dynamic="2" navigation="2" arg0="C:/Firmware/P3050FG/P3050FG.lpf(47): Semantic error in &quot;IOBUF PORT &quot;UPLOAD&quot; IO_TYPE=LVCMOS33 PULLMODE=UP ;&quot;: " arg1="UPLOAD" arg2="C:/Firmware/P3050FG/P3050FG.lpf" arg3="47"  />
    <postMsg mid="1100644" type="Warning" dynamic="2" navigation="2" arg0="C:/Firmware/P3050FG/P3050FG.lpf(48): Semantic error in &quot;IOBUF PORT &quot;ACTIV&quot; IO_TYPE=LVCMOS33 PULLMODE=UP ;&quot;: " arg1="ACTIV" arg2="C:/Firmware/P3050FG/P3050FG.lpf" arg3="48"  />
    <postMsg mid="1100644" type="Warning" dynamic="2" navigation="2" arg0="C:/Firmware/P3050FG/P3050FG.lpf(49): Semantic error in &quot;IOBUF PORT &quot;EMPTY&quot; IO_TYPE=LVCMOS33 PULLMODE=UP ;&quot;: " arg1="EMPTY" arg2="C:/Firmware/P3050FG/P3050FG.lpf" arg3="49"  />
Package Status:                     Final          Version 1.39.

Running general design DRC...

    <postMsg mid="1166064" type="Warning" dynamic="2" navigation="0" arg0="input" arg1="UPLOAD"  />
    <postMsg mid="1166064" type="Warning" dynamic="2" navigation="0" arg0="input" arg1="EMPTY"  />
    <postMsg mid="1166064" type="Warning" dynamic="2" navigation="0" arg0="input" arg1="ACTIV"  />
Removing unused logic...

Optimizing...

    <postMsg mid="51001046" type="Warning" dynamic="1" navigation="0" arg0="UPLOAD"  />
    <postMsg mid="51001046" type="Warning" dynamic="1" navigation="0" arg0="EMPTY"  />
    <postMsg mid="51001046" type="Warning" dynamic="1" navigation="0" arg0="ACTIV"  />



Design Summary:
   Number of registers:    281 out of  7209 (4%)
      PFU registers:          281 out of  6864 (4%)
      PIO registers:            0 out of   345 (0%)
   Number of SLICEs:       239 out of  3432 (7%)
      SLICEs as Logic/ROM:    239 out of  3432 (7%)
      SLICEs as RAM:            0 out of  2574 (0%)
      SLICEs as Carry:        113 out of  3432 (3%)
   Number of LUT4s:        470 out of  6864 (7%)
      Number used as logic LUTs:        244
      Number used as distributed RAM:     0
      Number used as ripple logic:      226
      Number used as shift registers:     0
   Number of PIO sites used: 71 + 4(JTAG) out of 115 (65%)
   Number of block RAMs:  16 out of 26 (62%)
   Number of GSRs:        1 out of 1 (100%)
   EFB used :        No
   JTAG used :       No
   Readback used :   No
   Oscillator used : No
   Startup used :    No
   POR :             On
   Bandgap :         On
   Number of Power Controller:  0 out of 1 (0%)
   Number of Dynamic Bank Controller (BCINRD):  0 out of 6 (0%)
   Number of Dynamic Bank Controller (BCLVDSO):  0 out of 1 (0%)
   Number of DCCA:  0 out of 8 (0%)
   Number of DCMA:  0 out of 2 (0%)
   Number of PLLs:  0 out of 2 (0%)
   Number of DQSDLLs:  0 out of 2 (0%)
   Number of CLKDIVC:  0 out of 4 (0%)
   Number of ECLKSYNCA:  0 out of 4 (0%)
   Number of ECLKBRIDGECS:  0 out of 2 (0%)
   Notes:-
      1. Total number of LUT4s = (Number of logic LUT4s) + 2*(Number of distributed RAMs) + 2*(Number of ripple logic)
      2. Number of logic LUT4s does not include count of distributed RAM and ripple logic.
   Number of clocks:  4
     Net CK1_c_derived_245: 142 loads, 142 rising, 0 falling (Driver: CK1_I_0_2_lut_rep_119 )
     Net FCK_N_630: 16 loads, 16 rising, 0 falling (Driver: FCK_I_0_1_lut_2_lut )
     Net DIVCKA: 14 loads, 0 rising, 14 falling (Driver: DIVCKA_552 )
     Net DIVCKB: 14 loads, 0 rising, 14 falling (Driver: DIVCKB_554 )
   Number of Clock Enables:  22
     Net CWR: 14 loads, 14 LSLICEs
     Net CK1_c_derived_245_enable_11: 4 loads, 4 LSLICEs
     Net CK1_c_derived_245_enable_56: 4 loads, 4 LSLICEs
     Net CK1_c_derived_245_enable_101: 4 loads, 4 LSLICEs
     Net CK1_c_derived_245_enable_71: 4 loads, 4 LSLICEs
     Net CK1_c_derived_245_enable_34: 4 loads, 4 LSLICEs
     Net CK1_c_derived_245_enable_19: 4 loads, 4 LSLICEs
     Net CK1_c_derived_245_enable_27: 4 loads, 4 LSLICEs
     Net CK1_c_derived_245_enable_108: 4 loads, 4 LSLICEs
     Net CK1_c_derived_245_enable_41: 4 loads, 4 LSLICEs
     Net CK1_c_derived_245_enable_123: 4 loads, 4 LSLICEs
     Net CK1_c_derived_245_enable_48: 4 loads, 4 LSLICEs
     Net CK1_c_derived_245_enable_64: 4 loads, 4 LSLICEs
     Net CK1_c_derived_245_enable_78: 4 loads, 4 LSLICEs
     Net CK1_c_derived_245_enable_86: 4 loads, 4 LSLICEs
     Net CK1_c_derived_245_enable_94: 4 loads, 4 LSLICEs
     Net CK1_c_derived_245_enable_131: 4 loads, 4 LSLICEs
     Net CK1_c_derived_245_enable_149: 1 loads, 1 LSLICEs
     Net CK1_c_derived_245_enable_139: 4 loads, 4 LSLICEs
     Net CK1_c_derived_245_enable_116: 4 loads, 4 LSLICEs
     Net CK1_c_derived_245_enable_147: 4 loads, 4 LSLICEs
     Net CK1_c_derived_245_enable_148: 1 loads, 1 LSLICEs
   Number of LSRs:  6
     Net CWR: 14 loads, 14 LSLICEs
     Net n7492: 32 loads, 0 LSLICEs
     Net n4003: 1 loads, 1 LSLICEs
     Net n4005: 1 loads, 1 LSLICEs
     Net n7489: 16 loads, 16 LSLICEs
     Net n7488: 16 loads, 16 LSLICEs
   Number of nets driven by tri-state buffers:  0
   Top 10 highest fanout non-clock nets:
     Net n2701: 36 loads
     Net CWR: 35 loads
     Net n7492: 33 loads
     Net DIVCKA_N_178: 32 loads
     Net DIVCKB_N_197: 32 loads
     Net data_addr_1: 30 loads
     Net data_addr_2: 30 loads
     Net data_addr_0: 29 loads
     Net cont_addr_c_0: 27 loads
     Net data_addr_3: 26 loads
 

   Number of warnings:  9
   Number of errors:    0



INFO: Design contains EBR with GSR enabled. The GSR is only applicable for output registers except FIFO. 


Total CPU Time: 1 secs  
Total REAL Time: 0 secs  
Peak Memory Usage: 65 MB

Dumping design to file P3050FG_impl1_map.ncd.

ncd2vdb "P3050FG_impl1_map.ncd" ".vdbs/P3050FG_impl1_map.vdb"

Loading device for application ncd2vdb from file 'xo2c7000.nph' in environment: C:/lscc/diamond/3.12/ispfpga.

mpartrce -p "P3050FG_impl1.p2t" -f "P3050FG_impl1.p3t" -tf "P3050FG_impl1.pt" "P3050FG_impl1_map.ncd" "P3050FG_impl1.ncd"

---- MParTrce Tool ----
Removing old design directory at request of -rem command line option to this program.
Running par. Please wait . . .

Lattice Place and Route Report for Design "P3050FG_impl1_map.ncd"
Fri Mar 15 12:01:01 2024

PAR: Place And Route Diamond (64-bit) 3.12.0.240.2.
Command Line: par -w -l 5 -i 6 -t 1 -c 0 -e 0 -gui -msgset C:/Firmware/P3050FG/promote.xml -exp parUseNBR=1:parCDP=0:parCDR=0:parPathBased=OFF:parASE=1 P3050FG_impl1_map.ncd P3050FG_impl1.dir/5_1.ncd P3050FG_impl1.prf
Preference file: P3050FG_impl1.prf.
Placement level-cost: 5-1.
Routing Iterations: 6

Loading design for application par from file P3050FG_impl1_map.ncd.
Design name: main
NCD version: 3.3
Vendor:      LATTICE
Device:      LCMXO2-7000HC
Package:     TQFP144
Performance: 5
Loading device for application par from file 'xo2c7000.nph' in environment: C:/lscc/diamond/3.12/ispfpga.
Package Status:                     Final          Version 1.39.
Performance Hardware Data Status:   Final          Version 34.4.
License checked out.


Ignore Preference Error(s):  True
Device utilization summary:

   PIO (prelim)   71+4(JTAG)/336     22% used
                  71+4(JTAG)/115     65% bonded

   SLICE            239/3432          6% used

   GSR                1/1           100% used
   EBR               16/26           61% used


INFO: Design contains EBR with ASYNC Reset Mode that has a limitation: The use of the EBR block asynchronous reset requires that certain timing be met between the clock and the reset within the memory block. See the device specific data sheet for additional details.
Number of Signals: 776
Number of Connections: 2363

Pin Constraint Summary:
   63 out of 71 pins locked (88% locked).

The following 4 signals are selected to use the primary clock routing resources:
    CK1_c_derived_245 (driver: SLICE_185, clk load #: 142)
    FCK_N_630 (driver: SLICE_253, clk load #: 16)
    DIVCKA (driver: SLICE_148, clk load #: 14)
    DIVCKB (driver: SLICE_149, clk load #: 14)


The following 4 signals are selected to use the secondary clock routing resources:
    n7492 (driver: SLICE_185, clk load #: 0, sr load #: 32, ce load #: 0)
    CWR (driver: SLICE_115, clk load #: 0, sr load #: 14, ce load #: 14)
    n7489 (driver: SLICE_293, clk load #: 0, sr load #: 16, ce load #: 0)
    n7488 (driver: SLICE_290, clk load #: 0, sr load #: 16, ce load #: 0)

Signal CK1_c_derived_245_enable_41 is selected as Global Set/Reset.
.
Starting Placer Phase 0.
..............
Finished Placer Phase 0.  REAL time: 2 secs 

Starting Placer Phase 1.
..................
Placer score = 899400.
Finished Placer Phase 1.  REAL time: 5 secs 

Starting Placer Phase 2.
.
Placer score =  888046
Finished Placer Phase 2.  REAL time: 5 secs 


------------------ Clock Report ------------------

Global Clock Resources:
  CLK_PIN    : 0 out of 8 (0%)
  PLL        : 0 out of 2 (0%)
  DCM        : 0 out of 2 (0%)
  DCC        : 0 out of 8 (0%)

Global Clocks:
  PRIMARY "CK1_c_derived_245" from F1 on comp "SLICE_185" on site "R2C16D", clk load = 142
  PRIMARY "FCK_N_630" from F0 on comp "SLICE_253" on site "R16C3A", clk load = 16
  PRIMARY "DIVCKA" from Q0 on comp "SLICE_148" on site "R2C19C", clk load = 14
  PRIMARY "DIVCKB" from Q0 on comp "SLICE_149" on site "R21C40C", clk load = 14
  SECONDARY "n7492" from F0 on comp "SLICE_185" on site "R2C16D", clk load = 0, ce load = 0, sr load = 32
  SECONDARY "CWR" from Q0 on comp "SLICE_115" on site "R14C20D", clk load = 0, ce load = 14, sr load = 14
  SECONDARY "n7489" from F0 on comp "SLICE_293" on site "R14C20A", clk load = 0, ce load = 0, sr load = 16
  SECONDARY "n7488" from F1 on comp "SLICE_290" on site "R21C18D", clk load = 0, ce load = 0, sr load = 16

  PRIMARY  : 4 out of 8 (50%)
  SECONDARY: 4 out of 8 (50%)

Edge Clocks:
  No edge clock selected.

--------------- End of Clock Report ---------------


I/O Usage Summary (final):
   71 + 4(JTAG) out of 336 (22.3%) PIO sites used.
   71 + 4(JTAG) out of 115 (65.2%) bonded PIO sites used.
   Number of PIO comps: 71; differential: 0.
   Number of Vref pins used: 0.

I/O Bank Usage Summary:
+----------+----------------+------------+-----------+
| I/O Bank | Usage          | Bank Vccio | Bank Vref |
+----------+----------------+------------+-----------+
| 0        | 9 / 28 ( 32%)  | 3.3V       | -         |
| 1        | 21 / 29 ( 72%) | 3.3V       | -         |
| 2        | 23 / 29 ( 79%) | 3.3V       | -         |
| 3        | 4 / 9 ( 44%)   | 3.3V       | -         |
| 4        | 7 / 10 ( 70%)  | 3.3V       | -         |
| 5        | 7 / 10 ( 70%)  | 3.3V       | -         |
+----------+----------------+------------+-----------+

Total placer CPU time: 4 secs 

Dumping design to file P3050FG_impl1.dir/5_1.ncd.

0 connections routed; 2363 unrouted.
Starting router resource preassignment

Completed router resource preassignment. Real time: 9 secs 

Start NBR router at 12:01:10 03/15/24

*****************************************************************
Info: NBR allows conflicts(one node used by more than one signal)
      in the earlier iterations. In each iteration, it tries to  
      solve the conflicts while keeping the critical connections 
      routed as short as possible. The routing process is said to
      be completed when no conflicts exist and all connections   
      are routed.                                                
Note: NBR uses a different method to calculate timing slacks. The
      worst slack and total negative slack may not be the same as
      that in TRCE report. You should always run TRCE to verify  
      your design.                                               
*****************************************************************

Start NBR special constraint process at 12:01:10 03/15/24

Start NBR section for initial routing at 12:01:11 03/15/24
Level 1, iteration 1
16(0.00%) conflicts; 1786(75.58%) untouched conns; 827403 (nbr) score; 
Estimated worst slack/total negative slack<setup>: -6.428ns/-827.404ns; real time: 10 secs 
Level 2, iteration 1
9(0.00%) conflicts; 1523(64.45%) untouched conns; 945070 (nbr) score; 
Estimated worst slack/total negative slack<setup>: -6.472ns/-945.071ns; real time: 10 secs 
Level 3, iteration 1
11(0.00%) conflicts; 1210(51.21%) untouched conns; 946045 (nbr) score; 
Estimated worst slack/total negative slack<setup>: -6.472ns/-946.046ns; real time: 11 secs 
Level 4, iteration 1
63(0.02%) conflicts; 0(0.00%) untouched conn; 952623 (nbr) score; 
Estimated worst slack/total negative slack<setup>: -6.486ns/-952.623ns; real time: 11 secs 

Info: Initial congestion level at 75% usage is 0
Info: Initial congestion area  at 75% usage is 0 (0.00%)

Start NBR section for normal routing at 12:01:12 03/15/24
Level 4, iteration 1
37(0.01%) conflicts; 0(0.00%) untouched conn; 84862 (nbr) score; 
Estimated worst slack/total negative slack<setup>: -2.876ns/-84.862ns; real time: 11 secs 
Level 4, iteration 2
25(0.01%) conflicts; 0(0.00%) untouched conn; 60490 (nbr) score; 
Estimated worst slack/total negative slack<setup>: -2.038ns/-60.491ns; real time: 11 secs 
Level 4, iteration 3
15(0.00%) conflicts; 0(0.00%) untouched conn; 40957 (nbr) score; 
Estimated worst slack/total negative slack<setup>: -1.388ns/-40.957ns; real time: 12 secs 
Level 4, iteration 4
9(0.00%) conflicts; 0(0.00%) untouched conn; 40957 (nbr) score; 
Estimated worst slack/total negative slack<setup>: -1.388ns/-40.957ns; real time: 12 secs 
Level 4, iteration 5
2(0.00%) conflicts; 0(0.00%) untouched conn; 33810 (nbr) score; 
Estimated worst slack/total negative slack<setup>: -1.250ns/-33.811ns; real time: 12 secs 
Level 4, iteration 6
14(0.00%) conflicts; 0(0.00%) untouched conn; 33810 (nbr) score; 
Estimated worst slack/total negative slack<setup>: -1.250ns/-33.811ns; real time: 12 secs 
Level 4, iteration 7
3(0.00%) conflicts; 0(0.00%) untouched conn; 16253 (nbr) score; 
Estimated worst slack/total negative slack<setup>: -1.084ns/-16.253ns; real time: 12 secs 
Level 4, iteration 8
7(0.00%) conflicts; 0(0.00%) untouched conn; 16253 (nbr) score; 
Estimated worst slack/total negative slack<setup>: -1.084ns/-16.253ns; real time: 12 secs 
Level 4, iteration 9
0(0.00%) conflict; 0(0.00%) untouched conn; 9800 (nbr) score; 
Estimated worst slack/total negative slack<setup>: -0.906ns/-9.800ns; real time: 12 secs 

Start NBR section for performance tuning (iteration 1) at 12:01:13 03/15/24
Level 4, iteration 1
7(0.00%) conflicts; 0(0.00%) untouched conn; 5316 (nbr) score; 
Estimated worst slack/total negative slack<setup>: -0.566ns/-5.316ns; real time: 12 secs 
Level 4, iteration 2
2(0.00%) conflicts; 0(0.00%) untouched conn; 3568 (nbr) score; 
Estimated worst slack/total negative slack<setup>: -0.576ns/-3.568ns; real time: 13 secs 
Level 4, iteration 3
0(0.00%) conflict; 0(0.00%) untouched conn; 2626 (nbr) score; 
Estimated worst slack/total negative slack<setup>: -0.576ns/-2.626ns; real time: 13 secs 

Start NBR section for performance tuning (iteration 2) at 12:01:14 03/15/24
Level 4, iteration 1
12(0.00%) conflicts; 0(0.00%) untouched conn; 1182 (nbr) score; 
Estimated worst slack/total negative slack<setup>: -0.342ns/-1.182ns; real time: 13 secs 
Level 4, iteration 2
1(0.00%) conflict; 0(0.00%) untouched conn; 1012 (nbr) score; 
Estimated worst slack/total negative slack<setup>: -0.342ns/-1.012ns; real time: 13 secs 
Level 4, iteration 3
7(0.00%) conflicts; 0(0.00%) untouched conn; 142 (nbr) score; 
Estimated worst slack/total negative slack<setup>: -0.110ns/-0.142ns; real time: 13 secs 
Level 4, iteration 4
2(0.00%) conflicts; 0(0.00%) untouched conn; 142 (nbr) score; 
Estimated worst slack/total negative slack<setup>: -0.110ns/-0.142ns; real time: 14 secs 
Level 4, iteration 5
1(0.00%) conflict; 0(0.00%) untouched conn; 11711 (nbr) score; 
Estimated worst slack/total negative slack<setup>: -0.576ns/-11.711ns; real time: 14 secs 

Start NBR section for re-routing at 12:01:15 03/15/24
Level 4, iteration 1
0(0.00%) conflict; 0(0.00%) untouched conn; 1024 (nbr) score; 
Estimated worst slack/total negative slack<setup>: -0.342ns/-1.024ns; real time: 14 secs 

Start NBR section for post-routing at 12:01:15 03/15/24

End NBR router with 0 unrouted connection

NBR Summary
-----------
  Number of unrouted connections : 0 (0.00%)
  Number of connections with timing violations : 5 (0.21%)
  Estimated worst slack<setup> : -0.342ns
  Timing score<setup> : 0
-----------
Notes: The timing info is calculated for SETUP only and all PAR_ADJs are ignored.



Total CPU time 14 secs 
Total REAL time: 15 secs 
Completely routed.
End of route.  2363 routed (100.00%); 0 unrouted.

Hold time timing score: 0, hold timing errors: 0

Timing score: 0 

Dumping design to file P3050FG_impl1.dir/5_1.ncd.


PAR_SUMMARY::Run status = Completed
PAR_SUMMARY::Number of unrouted conns = 0
PAR_SUMMARY::Worst  slack<setup/<ns>> = 0.106
PAR_SUMMARY::Timing score<setup/<ns>> = 0.000
PAR_SUMMARY::Worst  slack<hold /<ns>> = 0.306
PAR_SUMMARY::Timing score<hold /<ns>> = 0.000
PAR_SUMMARY::Number of errors = 0

Total CPU  time to completion: 14 secs 
Total REAL time to completion: 15 secs 

par done!

Note: user must run 'Trace' for timing closure signoff.

Copyright (c) 1991-1994 by NeoCAD Inc. All rights reserved.
Copyright (c) 1995 AT&T Corp.   All rights reserved.
Copyright (c) 1995-2001 Lucent Technologies Inc.  All rights reserved.
Copyright (c) 2001 Agere Systems   All rights reserved.
Copyright (c) 2002-2020 Lattice Semiconductor Corporation,  All rights reserved.
Exiting par with exit code 0
Exiting mpartrce with exit code 0

trce -f "P3050FG_impl1.pt" -o "P3050FG_impl1.twr" "P3050FG_impl1.ncd" "P3050FG_impl1.prf"
trce:  version Diamond (64-bit) 3.12.0.240.2

Copyright (c) 1991-1994 by NeoCAD Inc. All rights reserved.
Copyright (c) 1995 AT&T Corp.   All rights reserved.
Copyright (c) 1995-2001 Lucent Technologies Inc.  All rights reserved.
Copyright (c) 2001 Agere Systems   All rights reserved.
Copyright (c) 2002-2020 Lattice Semiconductor Corporation,  All rights reserved.

Loading design for application trce from file p3050fg_impl1.ncd.
Design name: main
NCD version: 3.3
Vendor:      LATTICE
Device:      LCMXO2-7000HC
Package:     TQFP144
Performance: 5
Loading device for application trce from file 'xo2c7000.nph' in environment: C:/lscc/diamond/3.12/ispfpga.
Package Status:                     Final          Version 1.39.
Performance Hardware Data Status:   Final          Version 34.4.
Setup and Hold Report

--------------------------------------------------------------------------------
Lattice TRACE Report - Setup, Version Diamond (64-bit) 3.12.0.240.2
Fri Mar 15 12:01:17 2024

Copyright (c) 1991-1994 by NeoCAD Inc. All rights reserved.
Copyright (c) 1995 AT&T Corp.   All rights reserved.
Copyright (c) 1995-2001 Lucent Technologies Inc.  All rights reserved.
Copyright (c) 2001 Agere Systems   All rights reserved.
Copyright (c) 2002-2020 Lattice Semiconductor Corporation,  All rights reserved.

Report Information
------------------
Command line:    trce -v 10 -gt -sethld -sp 5 -sphld m -o P3050FG_impl1.twr -gui -msgset C:/Firmware/P3050FG/promote.xml P3050FG_impl1.ncd P3050FG_impl1.prf 
Design file:     p3050fg_impl1.ncd
Preference file: p3050fg_impl1.prf
Device,speed:    LCMXO2-7000HC,5
Report level:    verbose report, limited to 10 items per preference
--------------------------------------------------------------------------------

BLOCK ASYNCPATHS
BLOCK RESETPATHS
--------------------------------------------------------------------------------


Derating parameters
-------------------
VCCIO Voltage:
                   3.300 V (Bank 0, defined by PAR)
                   3.300 V (Bank 1, defined by PAR)
                   3.300 V (Bank 2, defined by PAR)
                   3.300 V (Bank 3, defined by PAR)
                   3.300 V (Bank 4, defined by PAR)
                   3.300 V (Bank 5, defined by PAR)



Timing summary (Setup):
---------------

Timing errors: 0  Score: 0
Cumulative negative slack: 0

Constraints cover 20210 paths, 6 nets, and 1906 connections (80.66% coverage)

--------------------------------------------------------------------------------
Lattice TRACE Report - Hold, Version Diamond (64-bit) 3.12.0.240.2
Fri Mar 15 12:01:17 2024

Copyright (c) 1991-1994 by NeoCAD Inc. All rights reserved.
Copyright (c) 1995 AT&T Corp.   All rights reserved.
Copyright (c) 1995-2001 Lucent Technologies Inc.  All rights reserved.
Copyright (c) 2001 Agere Systems   All rights reserved.
Copyright (c) 2002-2020 Lattice Semiconductor Corporation,  All rights reserved.

Report Information
------------------
Command line:    trce -v 10 -gt -sethld -sp 5 -sphld m -o P3050FG_impl1.twr -gui -msgset C:/Firmware/P3050FG/promote.xml P3050FG_impl1.ncd P3050FG_impl1.prf 
Design file:     p3050fg_impl1.ncd
Preference file: p3050fg_impl1.prf
Device,speed:    LCMXO2-7000HC,m
Report level:    verbose report, limited to 10 items per preference
--------------------------------------------------------------------------------

BLOCK ASYNCPATHS
BLOCK RESETPATHS
--------------------------------------------------------------------------------


Derating parameters
-------------------
VCCIO Voltage:
                   3.300 V (Bank 0, defined by PAR)
                   3.300 V (Bank 1, defined by PAR)
                   3.300 V (Bank 2, defined by PAR)
                   3.300 V (Bank 3, defined by PAR)
                   3.300 V (Bank 4, defined by PAR)
                   3.300 V (Bank 5, defined by PAR)



Timing summary (Hold):
---------------

Timing errors: 0  Score: 0
Cumulative negative slack: 0

Constraints cover 20210 paths, 6 nets, and 1906 connections (80.66% coverage)



Timing summary (Setup and Hold):
---------------

Timing errors: 0 (setup), 0 (hold)
Score: 0 (setup), 0 (hold)
Cumulative negative slack: 0 (0+0)
--------------------------------------------------------------------------------

--------------------------------------------------------------------------------

Total CPU Time: 0 secs 
Total REAL Time: 0 secs 
Peak Memory Usage: 71 MB


tmcheck -par "P3050FG_impl1.par" 

bitgen -f "P3050FG_impl1.t2b" -w "P3050FG_impl1.ncd"  -jedec "P3050FG_impl1.prf"


BITGEN: Bitstream Generator Diamond (64-bit) 3.12.0.240.2
Copyright (c) 1991-1994 by NeoCAD Inc. All rights reserved.
Copyright (c) 1995 AT&T Corp.   All rights reserved.
Copyright (c) 1995-2001 Lucent Technologies Inc.  All rights reserved.
Copyright (c) 2001 Agere Systems   All rights reserved.
Copyright (c) 2002-2020 Lattice Semiconductor Corporation,  All rights reserved.


Loading design for application Bitgen from file P3050FG_impl1.ncd.
Design name: main
NCD version: 3.3
Vendor:      LATTICE
Device:      LCMXO2-7000HC
Package:     TQFP144
Performance: 5
Loading device for application Bitgen from file 'xo2c7000.nph' in environment: C:/lscc/diamond/3.12/ispfpga.
Package Status:                     Final          Version 1.39.
Performance Hardware Data Status:   Final          Version 34.4.

Running DRC.
INFO: Design contains EBR with ASYNC Reset Mode that has a limitation: The use of the EBR block asynchronous reset requires that certain timing be met between the clock and the reset within the memory block. See the device specific data sheet for additional details.
DRC detected 0 errors and 0 warnings.
Reading Preference File from P3050FG_impl1.prf.

Preference Summary:
+---------------------------------+---------------------------------+
|  Preference                     |  Current Setting                |
+---------------------------------+---------------------------------+
|                         RamCfg  |                        Reset**  |
+---------------------------------+---------------------------------+
|                     MCCLK_FREQ  |                         2.08**  |
+---------------------------------+---------------------------------+
|                  CONFIG_SECURE  |                          OFF**  |
+---------------------------------+---------------------------------+
|                          INBUF  |                           ON**  |
+---------------------------------+---------------------------------+
|                      JTAG_PORT  |                       ENABLE**  |
+---------------------------------+---------------------------------+
|                       SDM_PORT  |                      DISABLE**  |
+---------------------------------+---------------------------------+
|                 SLAVE_SPI_PORT  |                      DISABLE**  |
+---------------------------------+---------------------------------+
|                MASTER_SPI_PORT  |                      DISABLE**  |
+---------------------------------+---------------------------------+
|                       I2C_PORT  |                      DISABLE**  |
+---------------------------------+---------------------------------+
|        MUX_CONFIGURATION_PORTS  |                      DISABLE**  |
+---------------------------------+---------------------------------+
|                  CONFIGURATION  |                          CFG**  |
+---------------------------------+---------------------------------+
|                COMPRESS_CONFIG  |                           ON**  |
+---------------------------------+---------------------------------+
|                        MY_ASSP  |                          OFF**  |
+---------------------------------+---------------------------------+
|               ONE_TIME_PROGRAM  |                          OFF**  |
+---------------------------------+---------------------------------+
|                 ENABLE_TRANSFR  |                      DISABLE**  |
+---------------------------------+---------------------------------+
|                  SHAREDEBRINIT  |                      DISABLE**  |
+---------------------------------+---------------------------------+
|            BACKGROUND_RECONFIG  |                          OFF**  |
+---------------------------------+---------------------------------+
 *  Default setting.
 ** The specified setting matches the default setting.


Creating bit map...
 
Bitstream Status: Final           Version 1.95.
 
Saving bit stream in "P3050FG_impl1.jed".
 
===========
UFM Summary.
===========
UFM Size:        2046 Pages (128*2046 Bits).
UFM Utilization: General Purpose Flash Memory.
 
Available General Purpose Flash Memory: 2046 Pages (Page 0 to Page 2045).
Initialized UFM Pages:                     0 Page.
 
Total CPU Time: 3 secs 
Total REAL Time: 3 secs 
Peak Memory Usage: 292 MB
